<?xml version="1.0" encoding="UTF-8"?>
<!-- Generated by org.testng.reporters.JUnitXMLReporter -->
<testsuite ignored="0" hostname="AjithKumar" failures="4" tests="5" name="File Upload Register Test" time="49.062" errors="0" timestamp="2024-12-29T20:24:47 IST">
  <testcase classname="DemoAutomation.Tests.FileUploadRegisterSubmit" name="fileRegister" time="10.642">
    <failure type="java.lang.AssertionError" message="expected [User successfully registere] but found [User successfully registered.]">
      <![CDATA[java.lang.AssertionError: expected [User successfully registere] but found [User successfully registered.]
at DemoAutomation.Tests.FileUploadRegisterSubmit.fileRegister(FileUploadRegisterSubmit.java:26)
at java.base/java.util.ArrayList.forEach(ArrayList.java:1596)
... Removed 31 stack frames]]>
    </failure>
  </testcase> <!-- fileRegister -->
  <testcase classname="DemoAutomation.Tests.FileUploadRegisterSubmit" name="fileRegister" time="9.936">
    <failure type="java.lang.AssertionError" message="expected [User successfully registere] but found [User successfully registered.]">
      <![CDATA[java.lang.AssertionError: expected [User successfully registere] but found [User successfully registered.]
at DemoAutomation.Tests.FileUploadRegisterSubmit.fileRegister(FileUploadRegisterSubmit.java:26)
at java.base/java.util.ArrayList.forEach(ArrayList.java:1596)
... Removed 31 stack frames]]>
    </failure>
  </testcase> <!-- fileRegister -->
  <testcase classname="DemoAutomation.Tests.FileUploadRegisterSubmit" name="fileRegister" time="10.98">
    <failure type="java.lang.AssertionError" message="expected [User successfully registere] but found [User successfully registered.]">
      <![CDATA[java.lang.AssertionError: expected [User successfully registere] but found [User successfully registered.]
at DemoAutomation.Tests.FileUploadRegisterSubmit.fileRegister(FileUploadRegisterSubmit.java:26)
at java.base/java.util.ArrayList.forEach(ArrayList.java:1596)
... Removed 31 stack frames]]>
    </failure>
  </testcase> <!-- fileRegister -->
  <testcase classname="DemoAutomation.Tests.FileUploadRegisterSubmit" name="fileRegister" time="15.886">
    <failure type="java.lang.AssertionError" message="expected [User successfully registere] but found [User successfully registered.]">
      <![CDATA[java.lang.AssertionError: expected [User successfully registere] but found [User successfully registered.]
at DemoAutomation.Tests.FileUploadRegisterSubmit.fileRegister(FileUploadRegisterSubmit.java:26)
at java.base/java.util.ArrayList.forEach(ArrayList.java:1596)
... Removed 31 stack frames]]>
    </failure>
  </testcase> <!-- fileRegister -->
  <testcase classname="DemoAutomation.Tests.FileUploadRegisterSubmit" name="errorHandling" time="0.0">
    <skipped/>
  </testcase> <!-- errorHandling -->
</testsuite> <!-- File Upload Register Test -->
