<?xml version="1.0" encoding="UTF-8"?>
<!-- Generated by org.testng.reporters.JUnitXMLReporter -->
<testsuite ignored="0" hostname="AjithKumar" failures="0" tests="4" name="Supplier Register Test" time="18.857" errors="0" timestamp="2024-12-29T19:41:57 IST">
  <testcase classname="DemoAutomation.Tests.SupplierRegisterSubmit" name="supplierRegister" time="5.831"/>
  <testcase classname="DemoAutomation.Tests.SupplierRegisterSubmit" name="supplierRegister" time="3.974"/>
  <testcase classname="DemoAutomation.Tests.SupplierRegisterSubmit" name="supplierRegister" time="4.088"/>
  <testcase classname="DemoAutomation.Tests.SupplierRegisterSubmit" name="supplierRegister" time="3.84"/>
</testsuite> <!-- Supplier Register Test -->
