<?xml version="1.0" encoding="UTF-8"?>
<!-- Generated by org.testng.reporters.JUnitXMLReporter -->
<testsuite ignored="0" hostname="AjithKumar" failures="0" tests="12" name="Test" time="0.743" errors="0" timestamp="2024-12-28T16:24:08 IST">
  <testcase classname="DemoAutomation.TestComponents.BaseTest" name="@BeforeMethod launchApplication" time="0.026">
    <failure type="java.lang.NullPointerException" message="Cannot invoke &amp;quot;org.openqa.selenium.WebDriver.get(String)&amp;quot; because &amp;quot;this.driver&amp;quot; is null">
      <![CDATA[java.lang.NullPointerException: Cannot invoke "org.openqa.selenium.WebDriver.get(String)" because "this.driver" is null
at DemoAutomation.PageObjects.userRegistrationForm.goToConditional(userRegistrationForm.java:152)
at DemoAutomation.TestComponents.BaseTest.launchApplication(BaseTest.java:51)
at java.base/java.util.concurrent.Executors$RunnableAdapter.call(Executors.java:572)
at java.base/java.util.concurrent.FutureTask.run(FutureTask.java:317)
at java.base/java.util.concurrent.ThreadPoolExecutor.runWorker(ThreadPoolExecutor.java:1144)
at java.base/java.util.concurrent.ThreadPoolExecutor$Worker.run(ThreadPoolExecutor.java:642)
at java.base/java.lang.Thread.run(Thread.java:1583)
... Removed 15 stack frames]]>
    </failure>
  </testcase> <!-- @BeforeMethod launchApplication -->
  <testcase classname="DemoAutomation.TestComponents.BaseTest" name="@BeforeMethod launchApplication" time="0.026">
    <failure type="java.lang.NullPointerException" message="Cannot invoke &amp;quot;org.openqa.selenium.WebDriver.get(String)&amp;quot; because &amp;quot;this.driver&amp;quot; is null">
      <![CDATA[java.lang.NullPointerException: Cannot invoke "org.openqa.selenium.WebDriver.get(String)" because "this.driver" is null
at DemoAutomation.PageObjects.userRegistrationForm.goToConditional(userRegistrationForm.java:152)
at DemoAutomation.TestComponents.BaseTest.launchApplication(BaseTest.java:51)
at java.base/java.util.concurrent.Executors$RunnableAdapter.call(Executors.java:572)
at java.base/java.util.concurrent.FutureTask.run(FutureTask.java:317)
at java.base/java.util.concurrent.ThreadPoolExecutor.runWorker(ThreadPoolExecutor.java:1144)
at java.base/java.util.concurrent.ThreadPoolExecutor$Worker.run(ThreadPoolExecutor.java:642)
at java.base/java.lang.Thread.run(Thread.java:1583)
... Removed 15 stack frames]]>
    </failure>
  </testcase> <!-- @BeforeMethod launchApplication -->
  <testcase classname="DemoAutomation.TestComponents.BaseTest" name="@BeforeMethod launchApplication" time="0.026">
    <failure type="java.lang.NullPointerException" message="Cannot invoke &amp;quot;org.openqa.selenium.WebDriver.get(String)&amp;quot; because &amp;quot;this.driver&amp;quot; is null">
      <![CDATA[java.lang.NullPointerException: Cannot invoke "org.openqa.selenium.WebDriver.get(String)" because "this.driver" is null
at DemoAutomation.PageObjects.userRegistrationForm.goToConditional(userRegistrationForm.java:152)
at DemoAutomation.TestComponents.BaseTest.launchApplication(BaseTest.java:51)
at java.base/java.util.concurrent.Executors$RunnableAdapter.call(Executors.java:572)
at java.base/java.util.concurrent.FutureTask.run(FutureTask.java:317)
at java.base/java.util.concurrent.ThreadPoolExecutor.runWorker(ThreadPoolExecutor.java:1144)
at java.base/java.util.concurrent.ThreadPoolExecutor$Worker.run(ThreadPoolExecutor.java:642)
at java.base/java.lang.Thread.run(Thread.java:1583)
... Removed 15 stack frames]]>
    </failure>
  </testcase> <!-- @BeforeMethod launchApplication -->
  <testcase classname="DemoAutomation.TestComponents.BaseTest" name="@AfterMethod tearDown" time="0.0">
    <skipped/>
  </testcase> <!-- @AfterMethod tearDown -->
  <testcase classname="DemoAutomation.TestComponents.BaseTest" name="@BeforeMethod launchApplication" time="0.0">
    <skipped/>
  </testcase> <!-- @BeforeMethod launchApplication -->
  <testcase classname="DemoAutomation.TestComponents.BaseTest" name="@AfterMethod tearDown" time="0.0">
    <skipped/>
  </testcase> <!-- @AfterMethod tearDown -->
  <testcase classname="DemoAutomation.TestComponents.BaseTest" name="@AfterMethod tearDown" time="0.0">
    <skipped/>
  </testcase> <!-- @AfterMethod tearDown -->
  <testcase classname="DemoAutomation.TestComponents.BaseTest" name="@BeforeMethod launchApplication" time="0.0">
    <skipped/>
  </testcase> <!-- @BeforeMethod launchApplication -->
  <testcase classname="DemoAutomation.TestComponents.BaseTest" name="@BeforeMethod launchApplication" time="0.0">
    <skipped/>
  </testcase> <!-- @BeforeMethod launchApplication -->
  <testcase classname="DemoAutomation.TestComponents.BaseTest" name="@AfterMethod tearDown" time="0.0">
    <skipped/>
  </testcase> <!-- @AfterMethod tearDown -->
  <testcase classname="DemoAutomation.TestComponents.BaseTest" name="@BeforeMethod launchApplication" time="0.0">
    <skipped/>
  </testcase> <!-- @BeforeMethod launchApplication -->
  <testcase classname="DemoAutomation.TestComponents.BaseTest" name="@AfterMethod tearDown" time="0.0">
    <skipped/>
  </testcase> <!-- @AfterMethod tearDown -->
  <testcase classname="DemoAutomation.TestComponents.BaseTest" name="@AfterMethod tearDown" time="0.0">
    <skipped/>
  </testcase> <!-- @AfterMethod tearDown -->
  <testcase classname="DemoAutomation.TestComponents.BaseTest" name="@AfterMethod tearDown" time="0.0">
    <skipped/>
  </testcase> <!-- @AfterMethod tearDown -->
  <testcase classname="DemoAutomation.TestComponents.BaseTest" name="@BeforeMethod launchApplication" time="0.0">
    <skipped/>
  </testcase> <!-- @BeforeMethod launchApplication -->
  <testcase classname="DemoAutomation.TestComponents.BaseTest" name="@BeforeMethod launchApplication" time="0.0">
    <skipped/>
  </testcase> <!-- @BeforeMethod launchApplication -->
  <testcase classname="DemoAutomation.TestComponents.BaseTest" name="@BeforeMethod launchApplication" time="0.0">
    <skipped/>
  </testcase> <!-- @BeforeMethod launchApplication -->
  <testcase classname="DemoAutomation.TestComponents.BaseTest" name="@AfterMethod tearDown" time="0.0">
    <skipped/>
  </testcase> <!-- @AfterMethod tearDown -->
  <testcase classname="DemoAutomation.TestComponents.BaseTest" name="@AfterMethod tearDown" time="0.0">
    <skipped/>
  </testcase> <!-- @AfterMethod tearDown -->
  <testcase classname="DemoAutomation.TestComponents.BaseTest" name="@AfterMethod tearDown" time="0.0">
    <skipped/>
  </testcase> <!-- @AfterMethod tearDown -->
  <testcase classname="DemoAutomation.TestComponents.BaseTest" name="@BeforeMethod launchApplication" time="0.0">
    <skipped/>
  </testcase> <!-- @BeforeMethod launchApplication -->
  <testcase classname="DemoAutomation.TestComponents.BaseTest" name="@BeforeMethod launchApplication" time="0.0">
    <skipped/>
  </testcase> <!-- @BeforeMethod launchApplication -->
  <testcase classname="DemoAutomation.TestComponents.BaseTest" name="@AfterMethod tearDown" time="0.0">
    <skipped/>
  </testcase> <!-- @AfterMethod tearDown -->
  <testcase classname="DemoAutomation.TestComponents.BaseTest" name="@AfterMethod tearDown" time="0.0">
    <skipped/>
  </testcase> <!-- @AfterMethod tearDown -->
  <testcase classname="DemoAutomation.Tests.FileUploadRegisterSubmit" name="fileRegister" time="0.0">
    <skipped/>
  </testcase> <!-- fileRegister -->
  <testcase classname="DemoAutomation.Tests.VendorRegisterSubmit" name="vendorRegister" time="0.0">
    <skipped/>
  </testcase> <!-- vendorRegister -->
  <testcase classname="DemoAutomation.Tests.SupplierRegisterSubmit" name="supplierRegister" time="0.0">
    <skipped/>
  </testcase> <!-- supplierRegister -->
  <testcase classname="DemoAutomation.Tests.FileUploadRegisterSubmit" name="fileRegister" time="0.0">
    <skipped/>
  </testcase> <!-- fileRegister -->
  <testcase classname="DemoAutomation.Tests.VendorRegisterSubmit" name="vendorRegister" time="0.0">
    <skipped/>
  </testcase> <!-- vendorRegister -->
  <testcase classname="DemoAutomation.Tests.FileUploadRegisterSubmit" name="fileRegister" time="0.0">
    <skipped/>
  </testcase> <!-- fileRegister -->
  <testcase classname="DemoAutomation.Tests.SupplierRegisterSubmit" name="supplierRegister" time="0.0">
    <skipped/>
  </testcase> <!-- supplierRegister -->
  <testcase classname="DemoAutomation.Tests.FileUploadRegisterSubmit" name="fileRegister" time="0.0">
    <skipped/>
  </testcase> <!-- fileRegister -->
  <testcase classname="DemoAutomation.Tests.VendorRegisterSubmit" name="vendorRegister" time="0.0">
    <skipped/>
  </testcase> <!-- vendorRegister -->
  <testcase classname="DemoAutomation.Tests.SupplierRegisterSubmit" name="supplierRegister" time="0.0">
    <skipped/>
  </testcase> <!-- supplierRegister -->
  <testcase classname="DemoAutomation.Tests.VendorRegisterSubmit" name="vendorRegister" time="0.0">
    <skipped/>
  </testcase> <!-- vendorRegister -->
  <testcase classname="DemoAutomation.Tests.SupplierRegisterSubmit" name="supplierRegister" time="0.0">
    <skipped/>
  </testcase> <!-- supplierRegister -->
</testsuite> <!-- Test -->
