<?xml version="1.0" encoding="UTF-8"?>
<!-- Generated by org.testng.reporters.JUnitXMLReporter -->
<testsuite ignored="0" hostname="AjithKumar" failures="0" tests="4" name="Vendor Register Test" time="24.432" errors="0" timestamp="2024-12-29T19:42:03 IST">
  <testcase classname="DemoAutomation.Tests.VendorRegisterSubmit" name="vendorRegister" time="6.609"/>
  <testcase classname="DemoAutomation.Tests.VendorRegisterSubmit" name="vendorRegister" time="5.816"/>
  <testcase classname="DemoAutomation.Tests.VendorRegisterSubmit" name="vendorRegister" time="5.712"/>
  <testcase classname="DemoAutomation.Tests.VendorRegisterSubmit" name="vendorRegister" time="5.172"/>
</testsuite> <!-- Vendor Register Test -->
